<?xml version="1.0" encoding="UTF-8" ?>
<testsuite errors="0" failures="1" hostname="Essas-MacBook-Pro.local" name="TestMatch" skipped="0" tests="5" time="0.048" timestamp="2025-03-25T15:22:05">
  <properties>
[...]
</properties>
  <testcase classname="TestMatch" name="testFind_emptyString" time="0.002" />
  <testcase classname="TestMatch" name="testFind_withUppercaseLetter" time="0.001">
    <failure message="expected:&lt;4&gt; but was:&lt;3&gt;" type="junit.framework.AssertionFailedError">junit.framework.AssertionFailedError: expected:&lt;4&gt; but was:&lt;3&gt;
	at TestMatch.testFind_withUppercaseLetter(Unknown Source)
	at java.base/jdk.internal.reflect.DirectMethodHandleAccessor.invoke(DirectMethodHandleAccessor.java:103)
</failure>
  </testcase>
  <testcase classname="TestMatch" name="testFind_noOccurrences" time="0.0" />
  <testcase classname="TestMatch" name="testFind_caseInsensitiveCheck" time="0.0" />
  <testcase classname="TestMatch" name="testFind_withLowercaseLetter" time="0.0" />
  <system-out><![CDATA[]]></system-out>
  <system-err><![CDATA[]]></system-err>
</testsuite>
