<?xml version="1.0" encoding="UTF-8" ?>
<testsuite errors="0" failures="5" hostname="Essas-MBP.home" name="TestCardDescription" skipped="0" tests="11" time="0.059" timestamp="2025-04-01T04:49:06">
  <properties>
[...]
</properties>
  <testcase classname="TestCardDescription" name="testGetCardDescription_FiveOfDiamonds" time="0.007">
    <failure message="expected:&lt;[Five] of Diamonds&gt; but was:&lt;[5] of Diamonds&gt;" type="junit.framework.AssertionFailedError">junit.framework.AssertionFailedError: expected:&lt;[Five] of Diamonds&gt; but was:&lt;[5] of Diamonds&gt;
	at TestCardDescription.testGetCardDescription_FiveOfDiamonds(Unknown Source)
	at java.base/jdk.internal.reflect.DirectMethodHandleAccessor.invoke(DirectMethodHandleAccessor.java:103)
</failure>
  </testcase>
  <testcase classname="TestCardDescription" name="testGetCardDescription_InvalidRank" time="0.0">
    <failure message="expected:&lt;Invalid card rank&gt; but was:&lt;null&gt;" type="junit.framework.AssertionFailedError">junit.framework.AssertionFailedError: expected:&lt;Invalid card rank&gt; but was:&lt;null&gt;
	at TestCardDescription.testGetCardDescription_InvalidRank(Unknown Source)
	at java.base/jdk.internal.reflect.DirectMethodHandleAccessor.invoke(DirectMethodHandleAccessor.java:103)
</failure>
  </testcase>
  <testcase classname="TestCardDescription" name="testGetCardDescription_InvalidSuit" time="0.001">
    <failure message="expected:&lt;Invalid card suit&gt; but was:&lt;null&gt;" type="junit.framework.AssertionFailedError">junit.framework.AssertionFailedError: expected:&lt;Invalid card suit&gt; but was:&lt;null&gt;
	at TestCardDescription.testGetCardDescription_InvalidSuit(Unknown Source)
	at java.base/jdk.internal.reflect.DirectMethodHandleAccessor.invoke(DirectMethodHandleAccessor.java:103)
</failure>
  </testcase>
  <testcase classname="TestCardDescription" name="testGetCardDescription_QueenOfHearts" time="0.0" />
  <testcase classname="TestCardDescription" name="testGetCardDescription_JackOfClubs" time="0.0" />
  <testcase classname="TestCardDescription" name="testGetCardDescription_AceOfDiamonds" time="0.001" />
  <testcase classname="TestCardDescription" name="testGetCardDescription_EmptyRank" time="0.0">
    <failure message="expected:&lt;Invalid card rank&gt; but was:&lt;null&gt;" type="junit.framework.AssertionFailedError">junit.framework.AssertionFailedError: expected:&lt;Invalid card rank&gt; but was:&lt;null&gt;
	at TestCardDescription.testGetCardDescription_EmptyRank(Unknown Source)
	at java.base/jdk.internal.reflect.DirectMethodHandleAccessor.invoke(DirectMethodHandleAccessor.java:103)
</failure>
  </testcase>
  <testcase classname="TestCardDescription" name="testGetCardDescription_EmptySuit" time="0.001">
    <failure message="expected:&lt;Invalid card suit&gt; but was:&lt;null&gt;" type="junit.framework.AssertionFailedError">junit.framework.AssertionFailedError: expected:&lt;Invalid card suit&gt; but was:&lt;null&gt;
	at TestCardDescription.testGetCardDescription_EmptySuit(Unknown Source)
	at java.base/jdk.internal.reflect.DirectMethodHandleAccessor.invoke(DirectMethodHandleAccessor.java:103)
</failure>
  </testcase>
  <testcase classname="TestCardDescription" name="testGetCardDescription_KingOfSpades" time="0.0" />
  <testcase classname="TestCardDescription" name="testGetCardDescription_NullRank" time="0.0" />
  <testcase classname="TestCardDescription" name="testGetCardDescription_NullSuit" time="0.0" />
  <system-out><![CDATA[]]></system-out>
  <system-err><![CDATA[]]></system-err>
</testsuite>
